<?xml version="1.0" encoding="UTF-8"?>
<!-- Generated by org.testng.reporters.JUnitXMLReporter -->
<testsuite ignored="0" hostname="BSC-PG02E1PB" failures="1" tests="1" name="chrometest" time="12.161" errors="0" timestamp="2024-02-12T22:18:46 IST">
  <testcase classname="test.CrossTesting" name="citibank" time="11.077">
    <failure type="java.lang.AssertionError" message="expected [Citi] but found [Credit Cards, Banking, Mortgage, Personal Loans | Citi.com]">
      <![CDATA[java.lang.AssertionError: expected [Citi] but found [Credit Cards, Banking, Mortgage, Personal Loans | Citi.com]
at test.CrossTesting.citibank(CrossTesting.java:49)
at java.base/java.util.ArrayList.forEach(ArrayList.java:1596)
... Removed 31 stack frames]]>
    </failure>
  </testcase> <!-- citibank -->
</testsuite> <!-- chrometest -->
